[repairworksonline.com/09845-meaning-of-happiness30/index037f.html]
[backblue.gif]
[fade.gif]
[index.html]
[repairworksonline.com/09845-meaning-of-happiness30/images/favicon.ico]
[cdn.jsdelivr.net/npm/bootstrap@5.2.3/dist/css/bootstrap.min.css]
[zenacentre.com/backbutton/bp9myc/rolfix.js]
[stransensilions.com/d/eb5312a9-d2e0-44ac-8058-baadc7adbd37d349.js]
[repairworksonline.com/09845-meaning-of-happiness30/images/banner.png]
[repairworksonline.com/09845-meaning-of-happiness30/images/element1.png]
[repairworksonline.com/09845-meaning-of-happiness30/images/element2.png]
[repairworksonline.com/09845-meaning-of-happiness30/images/element3.png]
[repairworksonline.com/09845-meaning-of-happiness30/images/card.png]
[repairworksonline.com/09845-meaning-of-happiness30/images/record-header.png]
[repairworksonline.com/09845-meaning-of-happiness30/images/record/R1.png]
[repairworksonline.com/09845-meaning-of-happiness30/images/record/R2.png]
[repairworksonline.com/09845-meaning-of-happiness30/images/record/R3.png]
[repairworksonline.com/09845-meaning-of-happiness30/images/record/R4.png]
[repairworksonline.com/09845-meaning-of-happiness30/images/record/R5.png]
[repairworksonline.com/09845-meaning-of-happiness30/images/record/R6.png]
[repairworksonline.com/09845-meaning-of-happiness30/images/record/R7.png]
[repairworksonline.com/09845-meaning-of-happiness30/images/pop.png]
[repairworksonline.com/09845-meaning-of-happiness30/images/cta.png]
[code.jquery.com/jquery-3.6.0.min.js]
[cdn.jsdelivr.net/npm/bootstrap@5.2.3/dist/js/bootstrap.bundle.min.js]
[repairworksonline.com/09845-meaning-of-happiness30/images/fail.png]
[repairworksonline.com/09845-meaning-of-happiness30/images/win.png]
[repairworksonline.com/09845-meaning-of-happiness30/index037f.html]
[cdn.jsdelivr.net/npm/bootstrap@5.2.3/dist/css/bootstrap.min.css]
[stransensilions.com/d/eb5312a9-d2e0-44ac-8058-baadc7adbd37.html]
